tests/basic/assert/assert_false_01.pan:3:1-4: error: unable to verify type of f01
tests/basic/assert/assert_false_01.pan:6:1-4: error: unable to verify type of f11
tests/basic/assert/assert_false_01.pan:9:1-4: error: unable to verify type of f21
tests/basic/assert/assert_false_01.pan:12:1-4: error: unable to verify type of f31
tests/basic/assert/assert_false_01.pan:15:1-4: error: unable to verify type of f61