tests/basic/fun_assert_false_10.pan:4:1-4: error: unable to verify type of f30
tests/basic/fun_assert_false_10.pan:7:1-4: error: unable to verify type of f31
tests/basic/fun_assert_false_10.pan:10:1-4: error: unable to verify type of f32
tests/basic/fun_assert_false_10.pan:13:1-4: error: unable to verify type of f33