tests/basic/check/assert/150.pan:4:1-5: error: cannot solve constraints of f150
tests/basic/check/assert/150.pan:7:1-5: error: cannot solve constraints of f151
tests/basic/check/assert/150.pan:10:1-5: error: cannot solve constraints of f152
tests/basic/check/assert/150.pan:13:1-5: error: cannot solve constraints of f153